1.891: [GC 1.891: [ParNew: 34112K->2479K(38336K), 0.0148248 secs] 34112K->2479K(1044352K), 0.0149154 secs] [Times: user=0.02 sys=0.00, real=0.01 secs] 
2.456: [GC [1 CMS-initial-mark: 0K(1006016K)] 18305K(1044352K), 0.0127700 secs] [Times: user=0.02 sys=0.00, real=0.01 secs] 
2.469: [CMS-concurrent-mark-start]
2.575: [CMS-concurrent-mark: 0.074/0.106 secs] [Times: user=0.17 sys=0.01, real=0.11 secs] 
2.575: [CMS-concurrent-preclean-start]
2.579: [CMS-concurrent-preclean: 0.003/0.004 secs] [Times: user=0.01 sys=0.00, real=0.00 secs] 
2.579: [CMS-concurrent-abortable-preclean-start]
3.371: [GC 3.371: [ParNew: 36591K->3713K(38336K), 0.0215785 secs] 36591K->6274K(1044352K), 0.0216464 secs] [Times: user=0.04 sys=0.01, real=0.02 secs] 
4.187: [GC 4.187: [ParNew: 37825K->3619K(38336K), 0.0180906 secs] 40386K->8748K(1044352K), 0.0181532 secs] [Times: user=0.02 sys=0.00, real=0.02 secs] 
4.544: [CMS-concurrent-abortable-preclean: 0.040/1.965 secs] [Times: user=2.67 sys=0.10, real=1.97 secs] 
4.570: [GC[YG occupancy: 19490 K (38336 K)]4.570: [Rescan (parallel) , 0.0114087 secs]4.582: [weak refs processing, 0.0000055 secs] [1 CMS-remark: 5128K(1006016K)] 24618K(1044352K), 0.0117148 secs] [Times: user=0.02 sys=0.00, real=0.02 secs] 
4.583: [CMS-concurrent-sweep-start]
4.583: [CMS-concurrent-sweep: 0.000/0.000 secs] [Times: user=0.00 sys=0.00, real=0.00 secs] 
4.583: [CMS-concurrent-reset-start]
4.588: [CMS-concurrent-reset: 0.005/0.005 secs] [Times: user=0.01 sys=0.00, real=0.00 secs] 
5.329: [GC 5.329: [ParNew: 37731K->4022K(38336K), 0.0168650 secs] 42860K->11871K(1044352K) icms_dc=5 , 0.0169828 secs] [Times: user=0.03 sys=0.00, real=0.02 secs] 
6.010: [GC [1 CMS-initial-mark: 7849K(1006016K)] 28291K(1044352K), 0.0170705 secs] [Times: user=0.01 sys=0.00, real=0.02 secs] 
6.027: [CMS-concurrent-mark-start]
6.067: [CMS-concurrent-mark: 0.040/0.040 secs] [Times: user=0.06 sys=0.01, real=0.04 secs] 
6.067: [CMS-concurrent-preclean-start]
6.071: [CMS-concurrent-preclean: 0.004/0.005 secs] [Times: user=0.01 sys=0.00, real=0.01 secs] 
6.072: [CMS-concurrent-abortable-preclean-start]
7.339: [GC 7.339: [ParNew: 38134K->4224K(38336K), 0.0233911 secs] 45983K->14856K(1044352K) icms_dc=5 , 0.0234619 secs] [Times: user=0.04 sys=0.00, real=0.03 secs] 
7.860: [CMS-concurrent-abortable-preclean: 0.028/1.789 secs] [Times: user=1.48 sys=0.07, real=1.78 secs] 
7.875: [GC[YG occupancy: 28619 K (38336 K)]7.876: [Rescan (parallel) , 0.0133965 secs]7.889: [weak refs processing, 0.0000078 secs] [1 CMS-remark: 10632K(1006016K)] 39252K(1044352K), 0.0134959 secs] [Times: user=0.03 sys=0.00, real=0.01 secs] 
7.889: [CMS-concurrent-sweep-start]
7.990: [GC 7.990: [ParNew: 38336K->4224K(38336K), 0.0588344 secs] 48968K->26805K(1044352K) icms_dc=14 , 0.0589120 secs] [Times: user=0.07 sys=0.01, real=0.06 secs] 
8.244: [CMS-concurrent-sweep: 0.003/0.355 secs] [Times: user=0.49 sys=0.03, real=0.36 secs] 
8.244: [CMS-concurrent-reset-start]
8.248: [CMS-concurrent-reset: 0.004/0.004 secs] [Times: user=0.00 sys=0.00, real=0.00 secs] 
8.545: [GC 8.545: [ParNew: 38336K->4224K(38336K), 0.0254125 secs] 60876K->31269K(1044352K) icms_dc=10 , 0.0254937 secs] [Times: user=0.04 sys=0.01, real=0.02 secs] 
8.683: [GC [1 CMS-initial-mark: 27045K(1006016K)] 47091K(1044352K), 0.0211149 secs] [Times: user=0.02 sys=0.00, real=0.02 secs] 
8.705: [CMS-concurrent-mark-start]
8.950: [GC 8.950: [ParNew: 38336K->4224K(38336K), 0.0356004 secs] 65381K->35881K(1044352K) icms_dc=15 , 0.0356855 secs] [Times: user=0.05 sys=0.01, real=0.04 secs] 
9.272: [GC 9.272: [ParNew: 38336K->4224K(38336K), 0.0251219 secs] 69993K->40399K(1044352K) icms_dc=21 , 0.0251936 secs] [Times: user=0.04 sys=0.01, real=0.02 secs] 
9.388: [CMS-concurrent-mark: 0.065/0.683 secs] [Times: user=0.93 sys=0.03, real=0.68 secs] 
9.388: [CMS-concurrent-preclean-start]
9.408: [CMS-concurrent-preclean: 0.019/0.020 secs] [Times: user=0.03 sys=0.00, real=0.02 secs] 
9.408: [CMS-concurrent-abortable-preclean-start]
9.524: [GC 9.524: [ParNew: 38336K->4224K(38336K), 0.0316754 secs] 74511K->45431K(1044352K) icms_dc=31 , 0.0317477 secs] [Times: user=0.05 sys=0.01, real=0.03 secs] 
9.873: [CMS-concurrent-abortable-preclean: 0.047/0.465 secs] [Times: user=0.73 sys=0.03, real=0.47 secs] 
9.889: [GC[YG occupancy: 31021 K (38336 K)]9.889: [Rescan (parallel) , 0.0294667 secs]9.919: [weak refs processing, 0.0000148 secs] [1 CMS-remark: 41207K(1006016K)] 72229K(1044352K), 0.0295756 secs] [Times: user=0.05 sys=0.00, real=0.03 secs] 
9.919: [CMS-concurrent-sweep-start]
10.010: [GC 10.010: [ParNew: 38336K->4224K(38336K), 0.0282776 secs] 79543K->49273K(1044352K) icms_dc=31 , 0.0283636 secs] [Times: user=0.04 sys=0.00, real=0.03 secs] 
10.220: [CMS-concurrent-sweep: 0.011/0.301 secs] [Times: user=0.49 sys=0.02, real=0.30 secs] 
10.221: [CMS-concurrent-reset-start]
10.224: [CMS-concurrent-reset: 0.004/0.004 secs] [Times: user=0.00 sys=0.01, real=0.01 secs] 
10.488: [GC 10.488: [ParNew: 38336K->4224K(38336K), 0.0261598 secs] 83290K->53482K(1044352K) icms_dc=24 , 0.0262388 secs] [Times: user=0.04 sys=0.01, real=0.03 secs] 
10.598: [GC [1 CMS-initial-mark: 49258K(1006016K)] 66811K(1044352K), 0.0178672 secs] [Times: user=0.02 sys=0.00, real=0.02 secs] 
10.616: [CMS-concurrent-mark-start]
10.720: [CMS-concurrent-mark: 0.104/0.104 secs] [Times: user=0.18 sys=0.00, real=0.10 secs] 
10.720: [CMS-concurrent-preclean-start]
10.729: [CMS-concurrent-preclean: 0.009/0.009 secs] [Times: user=0.01 sys=0.01, real=0.01 secs] 
10.729: [CMS-concurrent-abortable-preclean-start]
11.113: [GC 11.113: [ParNew: 38336K->4224K(38336K), 0.0303956 secs] 87594K->57641K(1044352K) icms_dc=24 , 0.0304832 secs] [Times: user=0.04 sys=0.01, real=0.03 secs] 
11.483: [GC 11.483: [ParNew: 38336K->4224K(38336K), 0.0255460 secs] 91753K->61025K(1044352K) icms_dc=24 , 0.0256223 secs] [Times: user=0.04 sys=0.01, real=0.02 secs] 
11.591: [CMS-concurrent-abortable-preclean: 0.052/0.862 secs] [Times: user=1.25 sys=0.05, real=0.87 secs] 
11.596: [GC[YG occupancy: 17486 K (38336 K)]11.596: [Rescan (parallel) , 0.0154889 secs]11.611: [weak refs processing, 0.0000185 secs] [1 CMS-remark: 56801K(1006016K)] 74288K(1044352K), 0.0156096 secs] [Times: user=0.02 sys=0.00, real=0.02 secs] 
11.611: [CMS-concurrent-sweep-start]
11.632: [CMS-concurrent-sweep: 0.020/0.020 secs] [Times: user=0.04 sys=0.00, real=0.02 secs] 
11.632: [CMS-concurrent-reset-start]
11.636: [CMS-concurrent-reset: 0.004/0.004 secs] [Times: user=0.01 sys=0.00, real=0.00 secs] 
11.725: [GC 11.725: [ParNew: 38336K->4224K(38336K), 0.0281939 secs] 95095K->65414K(1044352K) icms_dc=18 , 0.0282743 secs] [Times: user=0.04 sys=0.01, real=0.03 secs] 
11.837: [GC [1 CMS-initial-mark: 61190K(1006016K)] 79952K(1044352K), 0.0198122 secs] [Times: user=0.02 sys=0.00, real=0.02 secs] 
11.857: [CMS-concurrent-mark-start]
11.965: [GC 11.965: [ParNew: 38336K->4224K(38336K), 0.0305491 secs] 99526K->69867K(1044352K) icms_dc=18 , 0.0306245 secs] [Times: user=0.04 sys=0.01, real=0.03 secs] 
12.136: [CMS-concurrent-mark: 0.112/0.279 secs] [Times: user=0.35 sys=0.01, real=0.28 secs] 
12.136: [CMS-concurrent-preclean-start]
12.138: [CMS-concurrent-preclean: 0.002/0.002 secs] [Times: user=0.00 sys=0.00, real=0.00 secs] 
12.138: [CMS-concurrent-abortable-preclean-start]
19.728: [GC 19.728: [ParNew: 38336K->4110K(38336K), 0.0287986 secs] 103979K->73846K(1044352K) icms_dc=18 , 0.0288788 secs] [Times: user=0.04 sys=0.00, real=0.03 secs] 
 CMS: abort preclean due to time 20.403: [CMS-concurrent-abortable-preclean: 0.085/8.264 secs] [Times: user=0.45 sys=0.10, real=8.27 secs] 
20.407: [GC[YG occupancy: 18872 K (38336 K)]20.407: [Rescan (parallel) , 0.0108564 secs]20.418: [weak refs processing, 0.0000167 secs] [1 CMS-remark: 69736K(1006016K)] 88609K(1044352K), 0.0109649 secs] [Times: user=0.02 sys=0.00, real=0.01 secs] 
20.418: [CMS-concurrent-sweep-start]
20.453: [CMS-concurrent-sweep: 0.032/0.034 secs] [Times: user=0.06 sys=0.00, real=0.04 secs] 
20.453: [CMS-concurrent-reset-start]
20.456: [CMS-concurrent-reset: 0.003/0.003 secs] [Times: user=0.01 sys=0.00, real=0.00 secs] 
20.768: [GC 20.768: [ParNew: 38222K->1886K(38336K), 0.0165992 secs] 107922K->73860K(1044352K) icms_dc=13 , 0.0166750 secs] [Times: user=0.02 sys=0.00, real=0.02 secs] 
21.002: [GC [1 CMS-initial-mark: 71974K(1006016K)] 88777K(1044352K), 0.0175969 secs] [Times: user=0.02 sys=0.00, real=0.01 secs] 
21.020: [CMS-concurrent-mark-start]
21.183: [CMS-concurrent-mark: 0.163/0.163 secs] [Times: user=0.19 sys=0.00, real=0.17 secs] 
21.184: [CMS-concurrent-preclean-start]
21.186: [CMS-concurrent-preclean: 0.002/0.002 secs] [Times: user=0.00 sys=0.00, real=0.00 secs] 
21.186: [CMS-concurrent-abortable-preclean-start]
26.971: [GC 26.972: [ParNew: 35998K->3133K(38336K), 0.0073822 secs] 107972K->75108K(1044352K) icms_dc=13 , 0.0074625 secs] [Times: user=0.01 sys=0.00, real=0.00 secs] 
 CMS: abort preclean due to time 27.960: [CMS-concurrent-abortable-preclean: 0.037/6.774 secs] [Times: user=0.45 sys=0.07, real=6.77 secs] 
27.964: [GC[YG occupancy: 18591 K (38336 K)]27.964: [Rescan (parallel) , 0.0041620 secs]27.968: [weak refs processing, 0.0000107 secs] [1 CMS-remark: 71974K(1006016K)] 90565K(1044352K), 0.0042635 secs] [Times: user=0.00 sys=0.00, real=0.00 secs] 
27.968: [CMS-concurrent-sweep-start]
28.000: [GC 28.000: [ParNew: 37245K->2054K(38336K), 0.0079187 secs] 109199K->75333K(1044352K) icms_dc=13 , 0.0079975 secs] [Times: user=0.01 sys=0.00, real=0.01 secs] 
28.093: [GC 28.093: [ParNew: 36166K->1828K(38336K), 0.0045817 secs] 109428K->75091K(1044352K) icms_dc=13 , 0.0046557 secs] [Times: user=0.01 sys=0.00, real=0.00 secs] 
28.114: [CMS-concurrent-sweep: 0.037/0.146 secs] [Times: user=0.22 sys=0.01, real=0.15 secs] 
28.114: [CMS-concurrent-reset-start]
28.129: [GC 28.129: [ParNew: 35940K->1274K(38336K), 0.0038173 secs] 109202K->74536K(1044352K) icms_dc=13 , 0.0038841 secs] [Times: user=0.01 sys=0.00, real=0.01 secs] 
28.148: [CMS-concurrent-reset: 0.006/0.033 secs] [Times: user=0.04 sys=0.00, real=0.03 secs] 
28.173: [GC 28.173: [ParNew: 35386K->991K(38336K), 0.0053858 secs] 108648K->75120K(1044352K) icms_dc=8 , 0.0054553 secs] [Times: user=0.01 sys=0.01, real=0.00 secs] 
28.197: [GC [1 CMS-initial-mark: 74129K(1006016K)] 90868K(1044352K), 0.0081990 secs] [Times: user=0.01 sys=0.00, real=0.01 secs] 
28.205: [CMS-concurrent-mark-start]
28.307: [GC 28.307: [ParNew: 35103K->702K(38336K), 0.0039573 secs] 109232K->74944K(1044352K) icms_dc=8 , 0.0040211 secs] [Times: user=0.00 sys=0.01, real=0.00 secs] 
28.528: [GC 28.528: [ParNew: 34814K->3412K(38336K), 0.0144749 secs] 109056K->77655K(1044352K) icms_dc=8 , 0.0145483 secs] [Times: user=0.01 sys=0.00, real=0.02 secs] 
28.708: [GC 28.708: [ParNew: 37524K->2063K(38336K), 0.0241785 secs] 111767K->79092K(1044352K) icms_dc=8 , 0.0242605 secs] [Times: user=0.02 sys=0.01, real=0.03 secs] 
28.874: [GC 28.874: [ParNew: 36164K->2066K(38336K), 0.0069623 secs] 113193K->79096K(1044352K) icms_dc=8 , 0.0070430 secs] [Times: user=0.01 sys=0.00, real=0.01 secs] 
29.049: [GC 29.049: [ParNew: 36178K->4053K(38336K), 0.0142552 secs] 113208K->81083K(1044352K) icms_dc=8 , 0.0143398 secs] [Times: user=0.02 sys=0.01, real=0.02 secs] 
29.236: [GC 29.236: [ParNew: 38165K->3465K(38336K), 0.0193871 secs] 115195K->81161K(1044352K) icms_dc=8 , 0.0194622 secs] [Times: user=0.01 sys=0.00, real=0.02 secs] 
29.385: [CMS-concurrent-mark: 0.151/1.180 secs] [Times: user=1.61 sys=0.05, real=1.18 secs] 
29.385: [CMS-concurrent-preclean-start]
29.392: [CMS-concurrent-preclean: 0.007/0.007 secs] [Times: user=0.01 sys=0.00, real=0.01 secs] 
29.392: [CMS-concurrent-abortable-preclean-start]
29.413: [GC 29.413: [ParNew: 37577K->3368K(38336K), 0.0124977 secs] 115273K->81974K(1044352K) icms_dc=8 , 0.0125778 secs] [Times: user=0.02 sys=0.01, real=0.01 secs] 
29.480: [GC 29.480: [ParNew: 37480K->1759K(38336K), 0.0045325 secs] 116086K->80365K(1044352K) icms_dc=8 , 0.0046156 secs] [Times: user=0.00 sys=0.00, real=0.01 secs] 
29.509: [CMS-concurrent-abortable-preclean: 0.019/0.116 secs] [Times: user=0.20 sys=0.01, real=0.11 secs] 
29.510: [GC[YG occupancy: 31484 K (38336 K)]29.510: [Rescan (parallel) , 0.0102039 secs]29.520: [weak refs processing, 0.0000060 secs] [1 CMS-remark: 78606K(1006016K)] 110090K(1044352K), 0.0103014 secs] [Times: user=0.01 sys=0.00, real=0.01 secs] 
29.521: [CMS-concurrent-sweep-start]
29.530: [GC 29.531: [ParNew: 35871K->1171K(38336K), 0.0062911 secs] 114474K->80595K(1044352K) icms_dc=8 , 0.0063703 secs] [Times: user=0.01 sys=0.00, real=0.01 secs] 
29.570: [GC 29.570: [ParNew: 35283K->408K(38336K), 0.0030539 secs] 114706K->80198K(1044352K) icms_dc=8 , 0.0031166 secs] [Times: user=0.00 sys=0.00, real=0.01 secs] 
29.610: [GC 29.610: [ParNew: 34520K->234K(38336K), 0.0025801 secs] 114309K->80038K(1044352K) icms_dc=8 , 0.0026478 secs] [Times: user=0.01 sys=0.00, real=0.01 secs] 
29.637: [GC 29.637: [ParNew: 34346K->146K(38336K), 0.0028580 secs] 114149K->79950K(1044352K) icms_dc=8 , 0.0029260 secs] [Times: user=0.01 sys=0.00, real=0.00 secs] 
29.692: [GC 29.692: [ParNew: 34257K->427K(38336K), 0.0081311 secs] 114061K->80230K(1044352K) icms_dc=8 , 0.0082065 secs] [Times: user=0.01 sys=0.00, real=0.00 secs] 
29.995: [CMS-concurrent-sweep: 0.039/0.474 secs] [Times: user=0.34 sys=0.02, real=0.47 secs] 
29.996: [CMS-concurrent-reset-start]
30.002: [CMS-concurrent-reset: 0.006/0.006 secs] [Times: user=0.01 sys=0.00, real=0.01 secs] 
30.099: [GC 30.099: [ParNew: 34539K->1743K(38336K), 0.0091765 secs] 114340K->81544K(1044352K) icms_dc=3 , 0.0094672 secs] [Times: user=0.02 sys=0.01, real=0.01 secs] 
30.233: [GC [1 CMS-initial-mark: 79800K(1006016K)] 98128K(1044352K), 0.0237568 secs] [Times: user=0.02 sys=0.00, real=0.02 secs] 
30.257: [CMS-concurrent-mark-start]
30.377: [GC 30.377: [ParNew: 35855K->2951K(38336K), 0.0167501 secs] 115656K->82752K(1044352K) icms_dc=3 , 0.0168210 secs] [Times: user=0.02 sys=0.00, real=0.02 secs] 
31.153: [GC 31.153: [ParNew: 37063K->3298K(38336K), 0.0137579 secs] 116864K->84605K(1044352K) icms_dc=3 , 0.0138355 secs] [Times: user=0.02 sys=0.00, real=0.01 secs] 
32.180: [CMS-concurrent-mark: 0.180/1.923 secs] [Times: user=1.01 sys=0.06, real=1.92 secs] 
32.180: [CMS-concurrent-preclean-start]
32.184: [CMS-concurrent-preclean: 0.004/0.004 secs] [Times: user=0.01 sys=0.00, real=0.01 secs] 
32.184: [CMS-concurrent-abortable-preclean-start]
32.271: [GC 32.271: [ParNew: 37410K->2397K(38336K), 0.0063047 secs] 118717K->83703K(1044352K) icms_dc=3 , 0.0063866 secs] [Times: user=0.00 sys=0.00, real=0.01 secs] 
36.846: [CMS-concurrent-abortable-preclean: 0.280/4.662 secs] [Times: user=0.54 sys=0.06, real=4.66 secs] 
36.849: [GC[YG occupancy: 17803 K (38336 K)]36.849: [Rescan (parallel) , 0.0054388 secs]36.855: [weak refs processing, 0.0000076 secs] [1 CMS-remark: 81306K(1006016K)] 99110K(1044352K), 0.0055473 secs] [Times: user=0.01 sys=0.00, real=0.01 secs] 
36.855: [CMS-concurrent-sweep-start]
36.890: [CMS-concurrent-sweep: 0.035/0.035 secs] [Times: user=0.04 sys=0.00, real=0.03 secs] 
36.890: [CMS-concurrent-reset-start]
36.895: [CMS-concurrent-reset: 0.005/0.005 secs] [Times: user=0.00 sys=0.00, real=0.01 secs] 
Heap
 par new generation   total 38336K, used 17803K [106810000, 1091a0000, 1091a0000)
  eden space 34112K,  45% used [106810000, 10771b930, 108960000)
  from space 4224K,  56% used [108960000, 108bb7470, 108d80000)
  to   space 4224K,   0% used [108d80000, 108d80000, 1091a0000)
 concurrent mark-sweep generation total 1006016K, used 80846K [1091a0000, 146810000, 146810000)
 concurrent-mark-sweep perm gen total 53468K, used 32078K [146810000, 149c47000, 14bc10000)
